<?xml version="1.0" encoding="UTF-8"?>
<!-- Generated by org.testng.reporters.JUnitXMLReporter -->
<testsuite ignored="0" hostname="DESKTOP-IHCNE13" failures="0" tests="2" name="ErrorValidation Test" time="12.163" errors="0" timestamp="2025-05-07T11:02:57 IST">
  <testcase classname="rahulshettyacademy.tests.Errorvalidation" name="incorrectPaswrd" time="0.726"/>
  <testcase classname="rahulshettyacademy.tests.Errorvalidation" name="submitOrderError" time="4.334"/>
</testsuite> <!-- ErrorValidation Test -->
