<?xml version="1.0" encoding="UTF-8"?>
<!-- Generated by org.testng.reporters.JUnitXMLReporter -->
<testsuite ignored="0" hostname="DESKTOP-IHCNE13" failures="0" tests="3" name="Submit Order Test" time="27.152" errors="0" timestamp="2025-05-02T18:27:06 IST">
  <testcase classname="rahulshettyacademy.tests.Standalone" name="submitOrder" time="7.643"/>
  <testcase classname="rahulshettyacademy.tests.Standalone" name="submitOrder" time="6.245"/>
  <testcase classname="rahulshettyacademy.tests.Standalone" name="orderVerification" time="1.03"/>
</testsuite> <!-- Submit Order Test -->
