<?xml version="1.0" encoding="UTF-8"?>
<testng-results ignored="0" total="2" passed="2" failed="0" skipped="0">
  <reporter-output>
  </reporter-output>
  <suite started-at="2025-05-07T11:02:44 IST" name="Suite" finished-at="2025-05-07T11:02:57 IST" duration-ms="12163">
    <groups>
      <group name="error-handling">
        <method signature="Errorvalidation.incorrectPaswrd()[pri:0, instance:rahulshettyacademy.tests.Errorvalidation@5e3f861]" name="incorrectPaswrd" class="rahulshettyacademy.tests.Errorvalidation"/>
      </group> <!-- error-handling -->
    </groups>
    <test started-at="2025-05-07T11:02:44 IST" name="ErrorValidation Test" finished-at="2025-05-07T11:02:57 IST" duration-ms="12163">
      <class name="rahulshettyacademy.tests.Errorvalidation">
        <test-method is-config="true" signature="launchApplication()[pri:0, instance:rahulshettyacademy.tests.Errorvalidation@5e3f861]" started-at="2025-05-07T11:02:45 IST" name="launchApplication" finished-at="2025-05-07T11:02:49 IST" duration-ms="4792" status="PASS">
          <reporter-output>
          </reporter-output>
        </test-method> <!-- launchApplication -->
        <test-method signature="incorrectPaswrd()[pri:0, instance:rahulshettyacademy.tests.Errorvalidation@5e3f861]" started-at="2025-05-07T11:02:49 IST" name="incorrectPaswrd" finished-at="2025-05-07T11:02:50 IST" duration-ms="726" status="PASS">
          <reporter-output>
          </reporter-output>
        </test-method> <!-- incorrectPaswrd -->
        <test-method is-config="true" signature="orderSucess()[pri:0, instance:rahulshettyacademy.tests.Errorvalidation@5e3f861]" started-at="2025-05-07T11:02:50 IST" name="orderSucess" finished-at="2025-05-07T11:02:50 IST" duration-ms="324" status="PASS">
          <reporter-output>
          </reporter-output>
        </test-method> <!-- orderSucess -->
        <test-method is-config="true" signature="launchApplication()[pri:0, instance:rahulshettyacademy.tests.Errorvalidation@5e3f861]" started-at="2025-05-07T11:02:50 IST" name="launchApplication" finished-at="2025-05-07T11:02:52 IST" duration-ms="1586" status="PASS">
          <reporter-output>
          </reporter-output>
        </test-method> <!-- launchApplication -->
        <test-method signature="submitOrderError()[pri:0, instance:rahulshettyacademy.tests.Errorvalidation@5e3f861]" started-at="2025-05-07T11:02:52 IST" name="submitOrderError" finished-at="2025-05-07T11:02:56 IST" duration-ms="4334" status="PASS">
          <reporter-output>
          </reporter-output>
        </test-method> <!-- submitOrderError -->
        <test-method is-config="true" signature="orderSucess()[pri:0, instance:rahulshettyacademy.tests.Errorvalidation@5e3f861]" started-at="2025-05-07T11:02:56 IST" name="orderSucess" finished-at="2025-05-07T11:02:57 IST" duration-ms="329" status="PASS">
          <reporter-output>
          </reporter-output>
        </test-method> <!-- orderSucess -->
      </class> <!-- rahulshettyacademy.tests.Errorvalidation -->
    </test> <!-- ErrorValidation Test -->
  </suite> <!-- Suite -->
</testng-results>
